<?xml version="1.0" encoding="UTF-8"?>
<testng-results total="1" passed="1" failed="0" skipped="0">
  <reporter-output>
  </reporter-output>
  <suite started-at="2023-09-02T12:25:07Z" name="test.com.FirstTest" finished-at="2023-09-02T12:25:07Z" duration-ms="12">
    <groups>
    </groups>
    <test started-at="2023-09-02T12:25:07Z" name="Command line test" finished-at="2023-09-02T12:25:07Z" duration-ms="12">
      <class name="test.com.FirstTest">
        <test-method is-config="true" signature="setUpClass()[pri:0, instance:test.com.FirstTest@52feb982]" started-at="2023-09-02T07:25:07Z" name="setUpClass" finished-at="2023-09-02T07:25:07Z" duration-ms="4" status="PASS">
          <reporter-output>
          </reporter-output>
        </test-method> <!-- setUpClass -->
        <test-method is-config="true" signature="setUpMethod()[pri:0, instance:test.com.FirstTest@52feb982]" started-at="2023-09-02T07:25:07Z" name="setUpMethod" finished-at="2023-09-02T07:25:07Z" duration-ms="0" status="PASS">
          <reporter-output>
          </reporter-output>
        </test-method> <!-- setUpMethod -->
        <test-method signature="testFirst()[pri:0, instance:test.com.FirstTest@52feb982]" started-at="2023-09-02T07:25:07Z" name="testFirst" finished-at="2023-09-02T07:25:07Z" duration-ms="2" status="PASS">
          <reporter-output>
          </reporter-output>
        </test-method> <!-- testFirst -->
        <test-method is-config="true" signature="tearDownMethod()[pri:0, instance:test.com.FirstTest@52feb982]" started-at="2023-09-02T07:25:07Z" name="tearDownMethod" finished-at="2023-09-02T07:25:07Z" duration-ms="0" status="PASS">
          <reporter-output>
          </reporter-output>
        </test-method> <!-- tearDownMethod -->
        <test-method is-config="true" signature="tearDownClass()[pri:0, instance:test.com.FirstTest@52feb982]" started-at="2023-09-02T07:25:07Z" name="tearDownClass" finished-at="2023-09-02T07:25:07Z" duration-ms="0" status="PASS">
          <reporter-output>
          </reporter-output>
        </test-method> <!-- tearDownClass -->
      </class> <!-- test.com.FirstTest -->
    </test> <!-- Command line test -->
  </suite> <!-- test.com.FirstTest -->
</testng-results>
